Build started 11/13/2012 3:09:20 PM.
     1>Project "C:\Users\Michael\Documents\Visual Studio 2012\Projects\InventoryManagement\InventoryManagement\InventoryManagement.vcxproj" on node 2 (Build target(s)).
     1>ClCompile:
         C:\Program Files (x86)\Microsoft Visual Studio 11.0\VC\bin\CL.exe /c /Zi /nologo /W3 /WX- /O2 /Oi /Oy- /GL /D WIN32 /D NDEBUG /D _WINDOWS /D _UNICODE /D UNICODE /Gm- /EHsc /MD /GS /Gy /fp:precise /Zc:wchar_t /Zc:forScope /Fo"Release\\" /Fd"Release\vc110.pdb" /Gd /TP /analyze- /errorReport:prompt Category.cpp Invoice.cpp InvoiceItem.cpp Product.cpp Receipt.cpp Sales.cpp SalesSummary.cpp Summary.cpp
         Category.cpp
         Invoice.cpp
         InvoiceItem.cpp
         Product.cpp
         Receipt.cpp
         Sales.cpp
         SalesSummary.cpp
         Summary.cpp
         C:\Program Files (x86)\Microsoft Visual Studio 11.0\VC\bin\CL.exe /c /AI"C:\Program Files (x86)\Reference Assemblies\Microsoft\Framework\.NETFramework\v4.0" /AI"C:\Program Files (x86)\Windows Kits\8.0\References\CommonConfiguration\Neutral" /Zi /clr /nologo /W3 /WX- /O2 /Oi /Oy- /GL /D WIN32 /D NDEBUG /D _WINDOWS /D _UNICODE /D UNICODE /Gm- /EHa /MD /GS /Gy /fp:precise /Zc:wchar_t /Zc:forScope /Fo"Release\\" /Fd"Release\vc110.pdb" /Gd /TP /FU"C:\Program Files (x86)\Reference Assemblies\Microsoft\Framework\.NETFramework\v4.0\mscorlib.dll" /FU"C:\Program Files (x86)\Reference Assemblies\Microsoft\Framework\.NETFramework\v4.0\System.Data.dll" /FU"C:\Program Files (x86)\Reference Assemblies\Microsoft\Framework\.NETFramework\v4.0\System.dll" /FU"C:\Program Files (x86)\Reference Assemblies\Microsoft\Framework\.NETFramework\v4.0\System.Drawing.dll" /FU"C:\Program Files (x86)\Reference Assemblies\Microsoft\Framework\.NETFramework\v4.0\System.Windows.Forms.dll" /FU"C:\Program Files (x86)\Reference Assemblies\Microsoft\Framework\.NETFramework\v4.0\System.Xml.dll" /analyze- /errorReport:prompt /clr:nostdlib MyForm.cpp
         MyForm.cpp
       Link:
         C:\Program Files (x86)\Microsoft Visual Studio 11.0\VC\bin\link.exe /ERRORREPORT:PROMPT /OUT:"C:\Users\Michael\Documents\Visual Studio 2012\Projects\InventoryManagement\Release\InventoryManagement.exe" /INCREMENTAL:NO /NOLOGO kernel32.lib user32.lib gdi32.lib winspool.lib comdlg32.lib advapi32.lib shell32.lib ole32.lib oleaut32.lib uuid.lib odbc32.lib odbccp32.lib /ASSEMBLYRESOURCE:Release\InventoryManagement.MyForm.resources /MANIFEST /MANIFESTUAC:"level='asInvoker' uiAccess='false'" /manifest:embed /DEBUG /PDB:"C:\Users\Michael\Documents\Visual Studio 2012\Projects\InventoryManagement\Release\InventoryManagement.pdb" /SUBSYSTEM:WINDOWS /OPT:REF /OPT:ICF /LTCG /TLBID:1 /DYNAMICBASE /NXCOMPAT /IMPLIB:"C:\Users\Michael\Documents\Visual Studio 2012\Projects\InventoryManagement\Release\InventoryManagement.lib" /MACHINE:X86 /SAFESEH Release\Category.obj
         Release\Invoice.obj
         Release\InvoiceItem.obj
         Release\MyForm.obj
         Release\Product.obj
         Release\Receipt.obj
         Release\Sales.obj
         Release\SalesSummary.obj
         Release\Summary.obj
         Generating code
         Finished generating code
         InventoryManagement.vcxproj -> C:\Users\Michael\Documents\Visual Studio 2012\Projects\InventoryManagement\Release\InventoryManagement.exe
     1>Done Building Project "C:\Users\Michael\Documents\Visual Studio 2012\Projects\InventoryManagement\InventoryManagement\InventoryManagement.vcxproj" (Build target(s)).

Build succeeded.

Time Elapsed 00:00:11.12
