C:\USERS\MICHAEL\DOCUMENTS\VISUAL STUDIO 2012\PROJECTS\INVENTORYMANAGEMENT\INVENTORYMANAGEMENT\DEBUG\CATEGORY.OBJ
C:\USERS\MICHAEL\DOCUMENTS\VISUAL STUDIO 2012\PROJECTS\INVENTORYMANAGEMENT\INVENTORYMANAGEMENT\DEBUG\INVOICE.OBJ
C:\USERS\MICHAEL\DOCUMENTS\VISUAL STUDIO 2012\PROJECTS\INVENTORYMANAGEMENT\INVENTORYMANAGEMENT\DEBUG\INVOICEITEM.OBJ
C:\USERS\MICHAEL\DOCUMENTS\VISUAL STUDIO 2012\PROJECTS\INVENTORYMANAGEMENT\INVENTORYMANAGEMENT\DEBUG\PRODUCT.OBJ
C:\USERS\MICHAEL\DOCUMENTS\VISUAL STUDIO 2012\PROJECTS\INVENTORYMANAGEMENT\INVENTORYMANAGEMENT\DEBUG\RECEIPT.OBJ
C:\USERS\MICHAEL\DOCUMENTS\VISUAL STUDIO 2012\PROJECTS\INVENTORYMANAGEMENT\INVENTORYMANAGEMENT\DEBUG\SALES.OBJ
C:\USERS\MICHAEL\DOCUMENTS\VISUAL STUDIO 2012\PROJECTS\INVENTORYMANAGEMENT\INVENTORYMANAGEMENT\DEBUG\SALESSUMMARY.OBJ
C:\USERS\MICHAEL\DOCUMENTS\VISUAL STUDIO 2012\PROJECTS\INVENTORYMANAGEMENT\INVENTORYMANAGEMENT\DEBUG\SUMMARY.OBJ
C:\USERS\MICHAEL\DOCUMENTS\VISUAL STUDIO 2012\PROJECTS\INVENTORYMANAGEMENT\INVENTORYMANAGEMENT\DEBUG\VC110.PDB
C:\USERS\MICHAEL\DOCUMENTS\VISUAL STUDIO 2012\PROJECTS\INVENTORYMANAGEMENT\INVENTORYMANAGEMENT\DEBUG\MYFORM.OBJ
C:\Users\Michael\Documents\Visual Studio 2012\Projects\InventoryManagement\InventoryManagement\Debug\InventoryManagement.MyForm.resources
C:\USERS\MICHAEL\DOCUMENTS\VISUAL STUDIO 2012\PROJECTS\INVENTORYMANAGEMENT\DEBUG\INVENTORYMANAGEMENT.ILK
C:\USERS\MICHAEL\DOCUMENTS\VISUAL STUDIO 2012\PROJECTS\INVENTORYMANAGEMENT\DEBUG\INVENTORYMANAGEMENT.EXE
C:\USERS\MICHAEL\DOCUMENTS\VISUAL STUDIO 2012\PROJECTS\INVENTORYMANAGEMENT\DEBUG\INVENTORYMANAGEMENT.PDB
C:\Users\Michael\Documents\Visual Studio 2012\Projects\InventoryManagement\InventoryManagement\Debug\InventoryManagement.vcxproj.GenerateResource.Cache
C:\Users\Michael\Documents\Visual Studio 2012\Projects\InventoryManagement\InventoryManagement\Debug\InventoryManagement.vcxprojResolveAssemblyReference.cache
C:\Users\Michael\Documents\Visual Studio 2012\Projects\InventoryManagement\InventoryManagement\Debug\Category.obj
C:\Users\Michael\Documents\Visual Studio 2012\Projects\InventoryManagement\InventoryManagement\Debug\Invoice.obj
C:\Users\Michael\Documents\Visual Studio 2012\Projects\InventoryManagement\InventoryManagement\Debug\InvoiceItem.obj
C:\Users\Michael\Documents\Visual Studio 2012\Projects\InventoryManagement\InventoryManagement\Debug\MyForm.obj
C:\Users\Michael\Documents\Visual Studio 2012\Projects\InventoryManagement\InventoryManagement\Debug\Product.obj
C:\Users\Michael\Documents\Visual Studio 2012\Projects\InventoryManagement\InventoryManagement\Debug\Receipt.obj
C:\Users\Michael\Documents\Visual Studio 2012\Projects\InventoryManagement\InventoryManagement\Debug\Sales.obj
C:\Users\Michael\Documents\Visual Studio 2012\Projects\InventoryManagement\InventoryManagement\Debug\SalesSummary.obj
C:\Users\Michael\Documents\Visual Studio 2012\Projects\InventoryManagement\InventoryManagement\Debug\Summary.obj
C:\Users\Michael\Documents\Visual Studio 2012\Projects\InventoryManagement\InventoryManagement\Debug\cl.command.1.tlog
C:\Users\Michael\Documents\Visual Studio 2012\Projects\InventoryManagement\InventoryManagement\Debug\CL.read.1.tlog
C:\Users\Michael\Documents\Visual Studio 2012\Projects\InventoryManagement\InventoryManagement\Debug\CL.write.1.tlog
C:\Users\Michael\Documents\Visual Studio 2012\Projects\InventoryManagement\InventoryManagement\Debug\InventoryManagement.write.1.tlog
C:\Users\Michael\Documents\Visual Studio 2012\Projects\InventoryManagement\InventoryManagement\Debug\link.4336-cvtres.read.1.tlog
C:\Users\Michael\Documents\Visual Studio 2012\Projects\InventoryManagement\InventoryManagement\Debug\link.4336-cvtres.write.1.tlog
C:\Users\Michael\Documents\Visual Studio 2012\Projects\InventoryManagement\InventoryManagement\Debug\link.4336-rc.read.1.tlog
C:\Users\Michael\Documents\Visual Studio 2012\Projects\InventoryManagement\InventoryManagement\Debug\link.4336-rc.write.1.tlog
C:\Users\Michael\Documents\Visual Studio 2012\Projects\InventoryManagement\InventoryManagement\Debug\link.4336.read.1.tlog
C:\Users\Michael\Documents\Visual Studio 2012\Projects\InventoryManagement\InventoryManagement\Debug\link.4336.write.1.tlog
C:\Users\Michael\Documents\Visual Studio 2012\Projects\InventoryManagement\InventoryManagement\Debug\link.command.1.tlog
C:\Users\Michael\Documents\Visual Studio 2012\Projects\InventoryManagement\InventoryManagement\Debug\link.read.1.tlog
C:\Users\Michael\Documents\Visual Studio 2012\Projects\InventoryManagement\InventoryManagement\Debug\link.write.1.tlog
C:\Users\Michael\Documents\Visual Studio 2012\Projects\InventoryManagement\InventoryManagement\Debug\vc110.idb
C:\Users\Michael\Documents\Visual Studio 2012\Projects\InventoryManagement\InventoryManagement\Debug\vc110.pdb
C:\Users\Michael\Documents\Visual Studio 2012\Projects\InventoryManagement\Debug\InventoryManagement.pdb
C:\Users\Michael\Documents\Visual Studio 2012\Projects\InventoryManagement\Debug\InventoryManagement.exe
C:\Users\Michael\Documents\Visual Studio 2012\Projects\InventoryManagement\Debug\InventoryManagement.ilk
